<?xml version="1.0" encoding="UTF-8"?>
<!-- Generated by org.testng.reporters.JUnitReportReporter -->
<testsuite hostname="Kala" failures="0" tests="4" name="testPackage.getnpostExamples" time="2.635" errors="0" timestamp="2025-02-13T18:21:19 IST" skipped="0">
  <testcase classname="testPackage.getnpostExamples" name="TestPost" time="1.890"/>
  <testcase classname="testPackage.getnpostExamples" name="gettests" time="0.593"/>
  <testcase classname="testPackage.getnpostExamples" name="testget" time="0.080"/>
  <testcase classname="testPackage.getnpostExamples" name="test2" time="0.072"/>
</testsuite> <!-- testPackage.getnpostExamples -->
