<?xml version="1.0" encoding="UTF-8"?>
<!-- Generated by org.testng.reporters.JUnitReportReporter -->
<testsuite hostname="Kala" failures="0" tests="4" name="testPackage.getnpostExamples" time="3.308" errors="0" timestamp="2025-02-17T16:40:03 IST" skipped="0">
  <testcase classname="testPackage.getnpostExamples" name="test2" time="0.150"/>
  <testcase classname="testPackage.getnpostExamples" name="TestPost" time="1.843"/>
  <testcase classname="testPackage.getnpostExamples" name="gettests" time="0.647"/>
  <testcase classname="testPackage.getnpostExamples" name="testget" time="0.668"/>
</testsuite> <!-- testPackage.getnpostExamples -->
