<?xml version="1.0" encoding="UTF-8"?>
<!-- Generated by org.testng.reporters.JUnitReportReporter -->
<testsuite hostname="Kala" failures="0" tests="1" name="testPackage.TestExample" time="1.349" errors="0" timestamp="2025-02-11T10:39:26 IST" skipped="0">
  <testcase classname="testPackage.TestExample" name="demo" time="1.349"/>
</testsuite> <!-- testPackage.TestExample -->
