<?xml version="1.0" encoding="UTF-8"?>
<!-- Generated by org.testng.reporters.JUnitReportReporter -->
<testsuite hostname="Kala" failures="0" tests="1" name="testPackage.TestExample" time="3.125" errors="0" timestamp="2025-02-13T13:41:41 IST" skipped="0">
  <testcase classname="testPackage.TestExample" name="demo" time="3.125"/>
</testsuite> <!-- testPackage.TestExample -->
